<?xml version="1.0" encoding="UTF-8"?>
<testsuite xmlns:xsi="http://www.w3.org/2001/XMLSchema-instance" xsi:noNamespaceSchemaLocation="https://maven.apache.org/surefire/maven-surefire-plugin/xsd/surefire-test-report-3.0.xsd" version="3.0" name="com.securechat.service.DatasourceDebugTest" time="22.224" tests="1" errors="0" skipped="0" failures="0">
  <properties>
[...]
</properties>
  <testcase name="printUrl" classname="com.securechat.service.DatasourceDebugTest" time="0.037">
    <system-out><![CDATA[{"timestamp":"2026-03-24T18:48:04.5460871+01:00","@version":"1","message":"Could not detect default configuration classes for test class [com.securechat.service.DatasourceDebugTest]: DatasourceDebugTest does not declare any static, non-private, non-final, nested classes annotated with @Configuration.","logger":"org.springframework.test.context.support.AnnotationConfigContextLoaderUtils","thread":"main","level":"INFO"}
{"timestamp":"2026-03-24T18:48:04.6148325+01:00","@version":"1","message":"Found @SpringBootConfiguration com.securechat.SecureChatApplication for test class com.securechat.service.DatasourceDebugTest","logger":"org.springframework.boot.test.context.SpringBootTestContextBootstrapper","thread":"main","level":"INFO"}

  .   ____          _            __ _ _
 /\\ / ___'_ __ _ _(_)_ __  __ _ \ \ \ \
( ( )\___ | '_ | '_| | '_ \/ _` | \ \ \ \
 \\/  ___)| |_)| | | | | || (_| |  ) ) ) )
  '  |____| .__|_| |_|_| |_\__, | / / / /
 =========|_|==============|___/=/_/_/_/
 :: Spring Boot ::                (v3.1.5)

{"timestamp":"2026-03-24T18:48:04.6871012+01:00","@version":"1","message":"Starting DatasourceDebugTest using Java 17.0.17 with PID 30632 (started by Gebruiker in D:\\backend\\inlever document\\fix document\\SecureChat-API-main22032026\\java-backend)","logger":"com.securechat.service.DatasourceDebugTest","thread":"main","level":"INFO"}
{"timestamp":"2026-03-24T18:48:04.6881161+01:00","@version":"1","message":"Running with Spring Boot v3.1.5, Spring v6.0.13","logger":"com.securechat.service.DatasourceDebugTest","thread":"main","level":"DEBUG"}
{"timestamp":"2026-03-24T18:48:04.6881161+01:00","@version":"1","message":"The following 1 profile is active: \"test\"","logger":"com.securechat.service.DatasourceDebugTest","thread":"main","level":"INFO"}
{"timestamp":"2026-03-24T18:48:07.3526866+01:00","@version":"1","message":"Multiple Spring Data modules found, entering strict repository configuration mode","logger":"org.springframework.data.repository.config.RepositoryConfigurationDelegate","thread":"main","level":"INFO"}
{"timestamp":"2026-03-24T18:48:07.3573528+01:00","@version":"1","message":"Bootstrapping Spring Data JPA repositories in DEFAULT mode.","logger":"org.springframework.data.repository.config.RepositoryConfigurationDelegate","thread":"main","level":"INFO"}
{"timestamp":"2026-03-24T18:48:07.5237882+01:00","@version":"1","message":"Finished Spring Data repository scanning in 146 ms. Found 9 JPA repository interfaces.","logger":"org.springframework.data.repository.config.RepositoryConfigurationDelegate","thread":"main","level":"INFO"}
{"timestamp":"2026-03-24T18:48:07.5600679+01:00","@version":"1","message":"Multiple Spring Data modules found, entering strict repository configuration mode","logger":"org.springframework.data.repository.config.RepositoryConfigurationDelegate","thread":"main","level":"INFO"}
{"timestamp":"2026-03-24T18:48:07.5647442+01:00","@version":"1","message":"Bootstrapping Spring Data Redis repositories in DEFAULT mode.","logger":"org.springframework.data.repository.config.RepositoryConfigurationDelegate","thread":"main","level":"INFO"}
{"timestamp":"2026-03-24T18:48:07.6097117+01:00","@version":"1","message":"Spring Data Redis - Could not safely identify store assignment for repository candidate interface com.securechat.repository.AuditLogRepository; If you want this repository to be a Redis repository, consider annotating your entities with one of these annotations: org.springframework.data.redis.core.RedisHash (preferred), or consider extending one of the following types with your repository: org.springframework.data.keyvalue.repository.KeyValueRepository","logger":"org.springframework.data.repository.config.RepositoryConfigurationExtensionSupport","thread":"main","level":"INFO"}
{"timestamp":"2026-03-24T18:48:07.6107228+01:00","@version":"1","message":"Spring Data Redis - Could not safely identify store assignment for repository candidate interface com.securechat.repository.ChatRoomMemberRepository; If you want this repository to be a Redis repository, consider annotating your entities with one of these annotations: org.springframework.data.redis.core.RedisHash (preferred), or consider extending one of the following types with your repository: org.springframework.data.keyvalue.repository.KeyValueRepository","logger":"org.springframework.data.repository.config.RepositoryConfigurationExtensionSupport","thread":"main","level":"INFO"}
{"timestamp":"2026-03-24T18:48:07.6120987+01:00","@version":"1","message":"Spring Data Redis - Could not safely identify store assignment for repository candidate interface com.securechat.repository.ChatRoomRepository; If you want this repository to be a Redis repository, consider annotating your entities with one of these annotations: org.springframework.data.redis.core.RedisHash (preferred), or consider extending one of the following types with your repository: org.springframework.data.keyvalue.repository.KeyValueRepository","logger":"org.springframework.data.repository.config.RepositoryConfigurationExtensionSupport","thread":"main","level":"INFO"}
{"timestamp":"2026-03-24T18:48:07.6120987+01:00","@version":"1","message":"Spring Data Redis - Could not safely identify store assignment for repository candidate interface com.securechat.repository.FilePermissionRepository; If you want this repository to be a Redis repository, consider annotating your entities with one of these annotations: org.springframework.data.redis.core.RedisHash (preferred), or consider extending one of the following types with your repository: org.springframework.data.keyvalue.repository.KeyValueRepository","logger":"org.springframework.data.repository.config.RepositoryConfigurationExtensionSupport","thread":"main","level":"INFO"}
{"timestamp":"2026-03-24T18:48:07.613109+01:00","@version":"1","message":"Spring Data Redis - Could not safely identify store assignment for repository candidate interface com.securechat.repository.FileRepository; If you want this repository to be a Redis repository, consider annotating your entities with one of these annotations: org.springframework.data.redis.core.RedisHash (preferred), or consider extending one of the following types with your repository: org.springframework.data.keyvalue.repository.KeyValueRepository","logger":"org.springframework.data.repository.config.RepositoryConfigurationExtensionSupport","thread":"main","level":"INFO"}
{"timestamp":"2026-03-24T18:48:07.613109+01:00","@version":"1","message":"Spring Data Redis - Could not safely identify store assignment for repository candidate interface com.securechat.repository.MessageRepository; If you want this repository to be a Redis repository, consider annotating your entities with one of these annotations: org.springframework.data.redis.core.RedisHash (preferred), or consider extending one of the following types with your repository: org.springframework.data.keyvalue.repository.KeyValueRepository","logger":"org.springframework.data.repository.config.RepositoryConfigurationExtensionSupport","thread":"main","level":"INFO"}
{"timestamp":"2026-03-24T18:48:07.613109+01:00","@version":"1","message":"Spring Data Redis - Could not safely identify store assignment for repository candidate interface com.securechat.repository.OrderRepository; If you want this repository to be a Redis repository, consider annotating your entities with one of these annotations: org.springframework.data.redis.core.RedisHash (preferred), or consider extending one of the following types with your repository: org.springframework.data.keyvalue.repository.KeyValueRepository","logger":"org.springframework.data.repository.config.RepositoryConfigurationExtensionSupport","thread":"main","level":"INFO"}
{"timestamp":"2026-03-24T18:48:07.6145985+01:00","@version":"1","message":"Spring Data Redis - Could not safely identify store assignment for repository candidate interface com.securechat.repository.RefreshTokenRepository; If you want this repository to be a Redis repository, consider annotating your entities with one of these annotations: org.springframework.data.redis.core.RedisHash (preferred), or consider extending one of the following types with your repository: org.springframework.data.keyvalue.repository.KeyValueRepository","logger":"org.springframework.data.repository.config.RepositoryConfigurationExtensionSupport","thread":"main","level":"INFO"}
{"timestamp":"2026-03-24T18:48:07.6145985+01:00","@version":"1","message":"Spring Data Redis - Could not safely identify store assignment for repository candidate interface com.securechat.repository.UserRepository; If you want this repository to be a Redis repository, consider annotating your entities with one of these annotations: org.springframework.data.redis.core.RedisHash (preferred), or consider extending one of the following types with your repository: org.springframework.data.keyvalue.repository.KeyValueRepository","logger":"org.springframework.data.repository.config.RepositoryConfigurationExtensionSupport","thread":"main","level":"INFO"}
{"timestamp":"2026-03-24T18:48:07.6145985+01:00","@version":"1","message":"Finished Spring Data repository scanning in 22 ms. Found 0 Redis repository interfaces.","logger":"org.springframework.data.repository.config.RepositoryConfigurationDelegate","thread":"main","level":"INFO"}
{"timestamp":"2026-03-24T18:48:09.7914969+01:00","@version":"1","message":"HHH000204: Processing PersistenceUnitInfo [name: default]","logger":"org.hibernate.jpa.internal.util.LogHelper","thread":"main","level":"INFO"}
{"timestamp":"2026-03-24T18:48:10.0362059+01:00","@version":"1","message":"HHH000412: Hibernate ORM core version 6.2.13.Final","logger":"org.hibernate.Version","thread":"main","level":"INFO"}
{"timestamp":"2026-03-24T18:48:10.0441728+01:00","@version":"1","message":"HHH000406: Using bytecode reflection optimizer","logger":"org.hibernate.cfg.Environment","thread":"main","level":"INFO"}
{"timestamp":"2026-03-24T18:48:10.6588172+01:00","@version":"1","message":"No LoadTimeWeaver setup: ignoring JPA class transformer","logger":"org.springframework.orm.jpa.persistenceunit.SpringPersistenceUnitInfo","thread":"main","level":"INFO"}
{"timestamp":"2026-03-24T18:48:10.7339542+01:00","@version":"1","message":"HikariPool-1 - Starting...","logger":"com.zaxxer.hikari.HikariDataSource","thread":"main","level":"INFO"}
{"timestamp":"2026-03-24T18:48:11.5656878+01:00","@version":"1","message":"HikariPool-1 - Added connection conn0: url=jdbc:h2:mem:testdb user=SA","logger":"com.zaxxer.hikari.pool.HikariPool","thread":"main","level":"INFO"}
{"timestamp":"2026-03-24T18:48:11.5726929+01:00","@version":"1","message":"HikariPool-1 - Start completed.","logger":"com.zaxxer.hikari.HikariDataSource","thread":"main","level":"INFO"}
{"timestamp":"2026-03-24T18:48:11.6746324+01:00","@version":"1","message":"HHH90000025: H2Dialect does not need to be specified explicitly using 'hibernate.dialect' (remove the property setting and it will be selected by default)","logger":"org.hibernate.orm.deprecation","thread":"main","level":"WARN"}
{"timestamp":"2026-03-24T18:48:14.7431196+01:00","@version":"1","message":"HHH000489: No JTA platform available (set 'hibernate.transaction.jta.platform' to enable JTA platform integration)","logger":"org.hibernate.engine.transaction.jta.platform.internal.JtaPlatformInitiator","thread":"main","level":"INFO"}
{"timestamp":"2026-03-24T18:48:14.7873237+01:00","@version":"1","message":"drop table if exists admin_actions cascade ","logger":"org.hibernate.SQL","thread":"main","level":"DEBUG"}
{"timestamp":"2026-03-24T18:48:14.796834+01:00","@version":"1","message":"drop table if exists audit_logs cascade ","logger":"org.hibernate.SQL","thread":"main","level":"DEBUG"}
{"timestamp":"2026-03-24T18:48:14.7978583+01:00","@version":"1","message":"drop table if exists chat_room_members cascade ","logger":"org.hibernate.SQL","thread":"main","level":"DEBUG"}
{"timestamp":"2026-03-24T18:48:14.7978583+01:00","@version":"1","message":"drop table if exists chat_rooms cascade ","logger":"org.hibernate.SQL","thread":"main","level":"DEBUG"}
{"timestamp":"2026-03-24T18:48:14.7988606+01:00","@version":"1","message":"drop table if exists file_permissions cascade ","logger":"org.hibernate.SQL","thread":"main","level":"DEBUG"}
{"timestamp":"2026-03-24T18:48:14.7988606+01:00","@version":"1","message":"drop table if exists files cascade ","logger":"org.hibernate.SQL","thread":"main","level":"DEBUG"}
{"timestamp":"2026-03-24T18:48:14.7988606+01:00","@version":"1","message":"drop table if exists message_audit_logs cascade ","logger":"org.hibernate.SQL","thread":"main","level":"DEBUG"}
{"timestamp":"2026-03-24T18:48:14.7998565+01:00","@version":"1","message":"drop table if exists messages cascade ","logger":"org.hibernate.SQL","thread":"main","level":"DEBUG"}
{"timestamp":"2026-03-24T18:48:14.7998565+01:00","@version":"1","message":"drop table if exists orders cascade ","logger":"org.hibernate.SQL","thread":"main","level":"DEBUG"}
{"timestamp":"2026-03-24T18:48:14.7998565+01:00","@version":"1","message":"drop table if exists refresh_tokens cascade ","logger":"org.hibernate.SQL","thread":"main","level":"DEBUG"}
{"timestamp":"2026-03-24T18:48:14.7998565+01:00","@version":"1","message":"drop table if exists user_roles cascade ","logger":"org.hibernate.SQL","thread":"main","level":"DEBUG"}
{"timestamp":"2026-03-24T18:48:14.8013723+01:00","@version":"1","message":"drop table if exists users cascade ","logger":"org.hibernate.SQL","thread":"main","level":"DEBUG"}
{"timestamp":"2026-03-24T18:48:14.8161502+01:00","@version":"1","message":"create table admin_actions (performed_at timestamp(6) not null, admin_id uuid not null, id uuid not null, target_user_id uuid, ip_address varchar(45), action_type varchar(255) not null check (action_type in ('BAN_USER','UNBAN_USER','DELETE_USER','DELETE_MESSAGE','DELETE_CHATROOM','REMOVE_MEMBER','DEACTIVATE_USER','LCK_CHATROOM','UNLOCK_CHATROOM')), metadata TEXT, reason TEXT, primary key (id))","logger":"org.hibernate.SQL","thread":"main","level":"DEBUG"}
{"timestamp":"2026-03-24T18:48:14.8466997+01:00","@version":"1","message":"create table audit_logs (timestamp timestamp(6) not null, id uuid not null, resource_id uuid, user_id uuid, action varchar(255) not null, details_json TEXT, event_type varchar(255) not null, ip_address varchar(255), resource_type varchar(255), user_agent varchar(255), primary key (id))","logger":"org.hibernate.SQL","thread":"main","level":"DEBUG"}
{"timestamp":"2026-03-24T18:48:14.849724+01:00","@version":"1","message":"create table chat_room_members (is_active boolean not null, joined_at timestamp(6) not null, last_activity timestamp(6), last_read_at timestamp(6), left_at timestamp(6), chat_room_id uuid not null, id uuid not null, removed_by uuid, user_id uuid not null, role varchar(255), primary key (id), constraint UKpal8hkw0sfg71i5v05l0ojhq1 unique (chat_room_id, user_id))","logger":"org.hibernate.SQL","thread":"main","level":"DEBUG"}
{"timestamp":"2026-03-24T18:48:14.8557588+01:00","@version":"1","message":"create table chat_rooms (is_private boolean not null, max_participants integer not null, created_at timestamp(6) not null, deleted_at timestamp(6), created_by uuid not null, deleted_by uuid, id uuid not null, name varchar(100) not null, description varchar(500), primary key (id))","logger":"org.hibernate.SQL","thread":"main","level":"DEBUG"}
{"timestamp":"2026-03-24T18:48:14.8580657+01:00","@version":"1","message":"create table file_permissions (granted_at timestamp(6) not null, file_id uuid not null, id uuid not null, user_id uuid not null, permission_type varchar(255) not null check (permission_type in ('READ','WRITE','DELETE')), primary key (id))","logger":"org.hibernate.SQL","thread":"main","level":"DEBUG"}
{"timestamp":"2026-03-24T18:48:14.8610642+01:00","@version":"1","message":"create table files (is_public boolean not null, deleted_at timestamp(6), file_size bigint not null, uploaded_at timestamp(6) not null, deleted_by uuid, id uuid not null, uploader_id uuid not null, file_path varchar(500) not null, filename varchar(255) not null, mime_type varchar(255) not null, primary key (id))","logger":"org.hibernate.SQL","thread":"main","level":"DEBUG"}
{"timestamp":"2026-03-24T18:48:14.8645745+01:00","@version":"1","message":"create table message_audit_logs (performed_at timestamp(6) not null, id uuid not null, message_id uuid not null, performer_id uuid not null, ip_address varchar(45), action varchar(255) not null check (action in ('CREATE','UPDATE','DELETE','RESTORE')), content TEXT, old_content TEXT, reason TEXT, user_agent varchar(255), primary key (id))","logger":"org.hibernate.SQL","thread":"main","level":"DEBUG"}
{"timestamp":"2026-03-24T18:48:14.869626+01:00","@version":"1","message":"create table messages (is_deleted boolean not null, is_edited boolean not null, deleted_at timestamp(6), edited_at timestamp(6), timestamp timestamp(6) not null, chat_room_id uuid not null, deleted_by uuid, file_id uuid unique, id uuid not null, user_id uuid not null, username varchar(50) not null, content varchar(5000) not null, message_type varchar(255) not null check (message_type in ('TEXT','IMAGE','FILE')), primary key (id))","logger":"org.hibernate.SQL","thread":"main","level":"DEBUG"}
{"timestamp":"2026-03-24T18:48:14.8774546+01:00","@version":"1","message":"create table orders (orderid integer generated by default as identity, quantity integer not null, unitprice float(53) not null, productname varchar(255), primary key (orderid))","logger":"org.hibernate.SQL","thread":"main","level":"DEBUG"}
{"timestamp":"2026-03-24T18:48:14.8906831+01:00","@version":"1","message":"create table refresh_tokens (created_at timestamp(6) with time zone not null, expiry_date timestamp(6) with time zone not null, last_used_at timestamp(6) with time zone, id uuid not null, user_id uuid not null, ip_address varchar(45), token varchar(512) not null unique, user_agent varchar(512), primary key (id))","logger":"org.hibernate.SQL","thread":"main","level":"DEBUG"}
{"timestamp":"2026-03-24T18:48:14.8946935+01:00","@version":"1","message":"create table user_roles (user_id uuid not null, roles varchar(255) check (roles in ('ROLE_USER','ROLE_ADMIN')))","logger":"org.hibernate.SQL","thread":"main","level":"DEBUG"}
{"timestamp":"2026-03-24T18:48:14.8990467+01:00","@version":"1","message":"create table users (is_active boolean not null, created_at timestamp(6) not null, deactivated_at timestamp(6), last_login timestamp(6), deactivated_by uuid, id uuid not null, status varchar(20) check (status in ('ONLINE','OFFLINE','AWAY')), avatar_url varchar(500), bio TEXT, deactivation_reason TEXT, email varchar(255) not null unique, password_hash varchar(255) not null, username varchar(255) not null unique, primary key (id))","logger":"org.hibernate.SQL","thread":"main","level":"DEBUG"}
{"timestamp":"2026-03-24T18:48:14.9044219+01:00","@version":"1","message":"create index idx_member_chatroom on chat_room_members (chat_room_id)","logger":"org.hibernate.SQL","thread":"main","level":"DEBUG"}
{"timestamp":"2026-03-24T18:48:14.9054209+01:00","@version":"1","message":"create index idx_member_user on chat_room_members (user_id)","logger":"org.hibernate.SQL","thread":"main","level":"DEBUG"}
{"timestamp":"2026-03-24T18:48:14.9076581+01:00","@version":"1","message":"create index idx_member_chatroom_user on chat_room_members (chat_room_id, user_id)","logger":"org.hibernate.SQL","thread":"main","level":"DEBUG"}
{"timestamp":"2026-03-24T18:48:14.9086553+01:00","@version":"1","message":"create index idx_member_is_active on chat_room_members (is_active)","logger":"org.hibernate.SQL","thread":"main","level":"DEBUG"}
{"timestamp":"2026-03-24T18:48:14.9096554+01:00","@version":"1","message":"create index idx_chatroom_created_by on chat_rooms (created_by)","logger":"org.hibernate.SQL","thread":"main","level":"DEBUG"}
{"timestamp":"2026-03-24T18:48:14.9106562+01:00","@version":"1","message":"create index idx_chatroom_is_private on chat_rooms (is_private)","logger":"org.hibernate.SQL","thread":"main","level":"DEBUG"}
{"timestamp":"2026-03-24T18:48:14.9121641+01:00","@version":"1","message":"create index idx_chatroom_created_at on chat_rooms (created_at)","logger":"org.hibernate.SQL","thread":"main","level":"DEBUG"}
{"timestamp":"2026-03-24T18:48:14.9141749+01:00","@version":"1","message":"create index idx_message_chatroom_timestamp on messages (chat_room_id, timestamp)","logger":"org.hibernate.SQL","thread":"main","level":"DEBUG"}
{"timestamp":"2026-03-24T18:48:14.9164736+01:00","@version":"1","message":"create index idx_message_user on messages (user_id)","logger":"org.hibernate.SQL","thread":"main","level":"DEBUG"}
{"timestamp":"2026-03-24T18:48:14.9209068+01:00","@version":"1","message":"create index idx_message_is_deleted on messages (is_deleted)","logger":"org.hibernate.SQL","thread":"main","level":"DEBUG"}
{"timestamp":"2026-03-24T18:48:14.9241392+01:00","@version":"1","message":"create index idx_message_timestamp on messages (timestamp)","logger":"org.hibernate.SQL","thread":"main","level":"DEBUG"}
{"timestamp":"2026-03-24T18:48:14.9264534+01:00","@version":"1","message":"create index idx_refresh_token on refresh_tokens (token)","logger":"org.hibernate.SQL","thread":"main","level":"DEBUG"}
{"timestamp":"2026-03-24T18:48:14.9284495+01:00","@version":"1","message":"create index idx_refresh_user_id on refresh_tokens (user_id)","logger":"org.hibernate.SQL","thread":"main","level":"DEBUG"}
{"timestamp":"2026-03-24T18:48:14.9294614+01:00","@version":"1","message":"create index idx_refresh_expiry_date on refresh_tokens (expiry_date)","logger":"org.hibernate.SQL","thread":"main","level":"DEBUG"}
{"timestamp":"2026-03-24T18:48:14.9304608+01:00","@version":"1","message":"create index idx_user_username on users (username)","logger":"org.hibernate.SQL","thread":"main","level":"DEBUG"}
{"timestamp":"2026-03-24T18:48:14.93147+01:00","@version":"1","message":"create index idx_user_email on users (email)","logger":"org.hibernate.SQL","thread":"main","level":"DEBUG"}
{"timestamp":"2026-03-24T18:48:14.9334615+01:00","@version":"1","message":"create index idx_user_is_active on users (is_active)","logger":"org.hibernate.SQL","thread":"main","level":"DEBUG"}
{"timestamp":"2026-03-24T18:48:14.934462+01:00","@version":"1","message":"create index idx_user_created_at on users (created_at)","logger":"org.hibernate.SQL","thread":"main","level":"DEBUG"}
{"timestamp":"2026-03-24T18:48:14.9364617+01:00","@version":"1","message":"alter table if exists admin_actions add constraint FK2rta03r4anjotqvu1kcsiqi3x foreign key (admin_id) references users","logger":"org.hibernate.SQL","thread":"main","level":"DEBUG"}
{"timestamp":"2026-03-24T18:48:14.9599199+01:00","@version":"1","message":"alter table if exists admin_actions add constraint FK6bx2q3jcgi8mv496nhaj4vl6a foreign key (target_user_id) references users","logger":"org.hibernate.SQL","thread":"main","level":"DEBUG"}
{"timestamp":"2026-03-24T18:48:14.9639171+01:00","@version":"1","message":"alter table if exists chat_room_members add constraint FK6x7kwk21yt5odfxv5ubbrmo0h foreign key (chat_room_id) references chat_rooms","logger":"org.hibernate.SQL","thread":"main","level":"DEBUG"}
{"timestamp":"2026-03-24T18:48:14.9659228+01:00","@version":"1","message":"alter table if exists chat_room_members add constraint FKbemsjj4g0iny4xpkvj5rwj6ab foreign key (user_id) references users","logger":"org.hibernate.SQL","thread":"main","level":"DEBUG"}
{"timestamp":"2026-03-24T18:48:14.9689183+01:00","@version":"1","message":"alter table if exists chat_rooms add constraint FKin9277aywbjursj2b4e3bmw3s foreign key (created_by) references users","logger":"org.hibernate.SQL","thread":"main","level":"DEBUG"}
{"timestamp":"2026-03-24T18:48:14.9709194+01:00","@version":"1","message":"alter table if exists file_permissions add constraint FKxuvjwgl05h7t1ylndkl1y3ux foreign key (file_id) references files","logger":"org.hibernate.SQL","thread":"main","level":"DEBUG"}
{"timestamp":"2026-03-24T18:48:14.9757852+01:00","@version":"1","message":"alter table if exists file_permissions add constraint FKp5gd98t2dta2wxchmkn9uyne1 foreign key (user_id) references users","logger":"org.hibernate.SQL","thread":"main","level":"DEBUG"}
{"timestamp":"2026-03-24T18:48:14.9783115+01:00","@version":"1","message":"alter table if exists files add constraint FKhaj8rngy0ky91ndcqv2isi9cr foreign key (uploader_id) references users","logger":"org.hibernate.SQL","thread":"main","level":"DEBUG"}
{"timestamp":"2026-03-24T18:48:14.981313+01:00","@version":"1","message":"alter table if exists message_audit_logs add constraint FKhh33xusuqrsyrx2h0j87ih2bn foreign key (message_id) references messages","logger":"org.hibernate.SQL","thread":"main","level":"DEBUG"}
{"timestamp":"2026-03-24T18:48:14.983661+01:00","@version":"1","message":"alter table if exists message_audit_logs add constraint FKml8bf28ufwplpawtn63x1ya3f foreign key (performer_id) references users","logger":"org.hibernate.SQL","thread":"main","level":"DEBUG"}
{"timestamp":"2026-03-24T18:48:14.987661+01:00","@version":"1","message":"alter table if exists messages add constraint FKrvm6kfareq86j08cv7n03ocwq foreign key (file_id) references files","logger":"org.hibernate.SQL","thread":"main","level":"DEBUG"}
{"timestamp":"2026-03-24T18:48:14.9906778+01:00","@version":"1","message":"alter table if exists messages add constraint FK67lyatc9udvn9fgepx08ckmbt foreign key (chat_room_id) references chat_rooms","logger":"org.hibernate.SQL","thread":"main","level":"DEBUG"}
{"timestamp":"2026-03-24T18:48:14.9936883+01:00","@version":"1","message":"alter table if exists messages add constraint FKpsmh6clh3csorw43eaodlqvkn foreign key (user_id) references users","logger":"org.hibernate.SQL","thread":"main","level":"DEBUG"}
{"timestamp":"2026-03-24T18:48:14.9968229+01:00","@version":"1","message":"alter table if exists refresh_tokens add constraint FK1lih5y2npsf8u5o3vhdb9y0os foreign key (user_id) references users","logger":"org.hibernate.SQL","thread":"main","level":"DEBUG"}
{"timestamp":"2026-03-24T18:48:14.9988799+01:00","@version":"1","message":"alter table if exists user_roles add constraint FKhfh9dx7w3ubf1co1vdev94g3f foreign key (user_id) references users","logger":"org.hibernate.SQL","thread":"main","level":"DEBUG"}
{"timestamp":"2026-03-24T18:48:15.0100738+01:00","@version":"1","message":"Initialized JPA EntityManagerFactory for persistence unit 'default'","logger":"org.springframework.orm.jpa.LocalContainerEntityManagerFactoryBean","thread":"main","level":"INFO"}
{"timestamp":"2026-03-24T18:48:16.9049163+01:00","@version":"1","message":"Hibernate is in classpath; If applicable, HQL parser will be used.","logger":"org.springframework.data.jpa.repository.query.QueryEnhancerFactory","thread":"main","level":"INFO"}
{"timestamp":"2026-03-24T18:48:21.4666736+01:00","@version":"1","message":"spring.jpa.open-in-view is enabled by default. Therefore, database queries may be performed during view rendering. Explicitly configure spring.jpa.open-in-view to disable this warning","logger":"org.springframework.boot.autoconfigure.orm.jpa.JpaBaseConfiguration$JpaWebConfiguration","thread":"main","level":"WARN"}
{"timestamp":"2026-03-24T18:48:21.5617959+01:00","@version":"1","message":"No authenticationProviders and no parentAuthenticationManager defined. Returning null.","logger":"org.springframework.security.config.annotation.authentication.configuration.AuthenticationConfiguration$DefaultPasswordEncoderAuthenticationManagerBuilder","thread":"main","level":"DEBUG"}
{"timestamp":"2026-03-24T18:48:21.9889902+01:00","@version":"1","message":"Will secure any request with [org.springframework.security.web.session.DisableEncodeUrlFilter@6b15084c, org.springframework.security.web.context.request.async.WebAsyncManagerIntegrationFilter@3bfdb213, org.springframework.security.web.context.SecurityContextHolderFilter@241feb3e, org.springframework.security.web.header.HeaderWriterFilter@483c1ea2, org.springframework.security.web.authentication.logout.LogoutFilter@450572a1, org.springframework.security.oauth2.server.resource.web.authentication.BearerTokenAuthenticationFilter@60f77bd1, org.springframework.security.web.savedrequest.RequestCacheAwareFilter@2267d3cb, org.springframework.security.web.servletapi.SecurityContextHolderAwareRequestFilter@5b030172, org.springframework.security.web.authentication.AnonymousAuthenticationFilter@2422c5dd, org.springframework.security.web.access.ExceptionTranslationFilter@5d2dd116, org.springframework.security.web.access.intercept.AuthorizationFilter@4c1f5b04]","logger":"org.springframework.security.web.DefaultSecurityFilterChain","thread":"main","level":"INFO"}
{"timestamp":"2026-03-24T18:48:25.8692542+01:00","@version":"1","message":"Exposing 1 endpoint(s) beneath base path '/actuator'","logger":"org.springframework.boot.actuate.endpoint.web.EndpointLinksResolver","thread":"main","level":"INFO"}
{"timestamp":"2026-03-24T18:48:26.0573077+01:00","@version":"1","message":"Started DatasourceDebugTest in 21.429 seconds (process running for 64.356)","logger":"com.securechat.service.DatasourceDebugTest","thread":"main","level":"INFO"}
{"timestamp":"2026-03-24T18:48:26.4192482+01:00","@version":"1","message":"select u1_0.id,u1_0.avatar_url,u1_0.bio,u1_0.created_at,u1_0.deactivated_at,u1_0.deactivated_by,u1_0.deactivation_reason,u1_0.email,u1_0.is_active,u1_0.last_login,u1_0.password_hash,u1_0.status,u1_0.username from users u1_0 where u1_0.username=?","logger":"org.hibernate.SQL","thread":"main","level":"DEBUG"}
{"timestamp":"2026-03-24T18:48:26.6860143+01:00","@version":"1","message":"insert into users (avatar_url,bio,created_at,deactivated_at,deactivated_by,deactivation_reason,email,is_active,last_login,password_hash,status,username,id) values (?,?,?,?,?,?,?,?,?,?,?,?,?)","logger":"org.hibernate.SQL","thread":"main","level":"DEBUG"}
{"timestamp":"2026-03-24T18:48:26.7131516+01:00","@version":"1","message":"insert into user_roles (user_id,roles) values (?,?)","logger":"org.hibernate.SQL","thread":"main","level":"DEBUG"}
Created default admin user: admin@securechat.com / admin123
jdbc:h2:mem:testdb
]]></system-out>
  </testcase>
</testsuite>