<?xml version="1.0" encoding="UTF-8"?>
<testsuite xmlns:xsi="http://www.w3.org/2001/XMLSchema-instance" xsi:noNamespaceSchemaLocation="https://maven.apache.org/surefire/maven-surefire-plugin/xsd/surefire-test-report-3.0.xsd" version="3.0" name="com.securechat.service.UserServiceTest$DeleteUser" time="0.032" tests="3" errors="0" skipped="0" failures="0">
  <properties>
[...]
</properties>
  <testcase name="shouldThrowWhenIdIsNull" classname="com.securechat.service.UserServiceTest$DeleteUser" time="0.011"/>
  <testcase name="shouldSoftDeleteUser" classname="com.securechat.service.UserServiceTest$DeleteUser" time="0.016"/>
  <testcase name="shouldThrowWhenUserNotFound" classname="com.securechat.service.UserServiceTest$DeleteUser" time="0.003"/>
</testsuite>